1	09:58:54	File loaded from C:\Users\Erin\Documents\ScienceRV\ScienceRV_Practice\paddle_flat.qtm	
1	10:45:46	File closed	
1	10:46:13	Realtime started	
1	11:01:49	File created	
1	11:01:50	File saved as C:\Users\Erin\Documents\ScienceRV\ScienceRV_Practice\Calibrations\20230512_110108.qca	
1	11:01:50	Calibration started	
1	11:01:51	Calibration finished after 1.5247 seconds	
1	11:01:52	File saved as C:\Users\Erin\Documents\ScienceRV\ScienceRV_Practice\Calibrations\20230512_110108.qca	
1	11:01:57	File closed	
1	11:02:03	Realtime started	
1	11:03:27	File created	
1	11:04:28	File closed	
1	11:04:29	Realtime started	
1	11:10:07	File created	
1	11:13:03	File saved as C:\Users\Erin\Documents\ScienceRV\ScienceRV_Practice\quick_jumptest.qtm	
1	11:13:25	File closed	
1	11:13:26	Realtime started	
1	11:13:51	File created	
1	11:13:54	File closed	
1	11:13:55	Realtime started	
1	11:15:09	File created	
1	11:17:51	File closed	
1	11:17:52	Realtime started	
1	11:20:03	File created	
1	11:20:03	File saved as C:\Users\Erin\Documents\ScienceRV\ScienceRV_Practice\Calibrations\20230512_111922.qca	
1	11:20:03	Calibration started	
1	11:20:05	Calibration finished after 1.3870 seconds	
1	11:20:05	File saved as C:\Users\Erin\Documents\ScienceRV\ScienceRV_Practice\Calibrations\20230512_111922.qca	
1	11:20:09	File closed	
1	11:20:22	Realtime started	
1	11:26:17	File created	
1	11:33:04	File closed	
1	11:33:06	Realtime started	
1	11:33:36	File created	
1	11:40:28	File saved as C:\Users\Erin\Documents\ScienceRV\ScienceRV_Practice\paddle_another_one.qtm	
1	11:40:37	File closed	
1	11:40:39	Realtime started	
1	11:40:56	File created	
1	11:42:29	File closed	
1	11:42:31	Realtime started	
1	11:42:47	File created	
1	11:45:24	File saved as C:\Users\Erin\Documents\ScienceRV\ScienceRV_Practice\newPaddle.qtm	
1	11:45:44	File saved as C:\Users\Erin\Documents\ScienceRV\ScienceRV_Practice\newPaddle.qtm	
1	11:46:10	File closed	
1	11:46:11	Realtime started	
1	11:46:31	File created	
1	11:49:26	File closed	
1	11:49:27	Realtime started	
1	11:50:08	File created	
1	11:52:19	File closed	
1	11:52:20	Realtime started	
1	12:01:41	File created	
1	12:01:52	File saved as C:\Users\Erin\Documents\ScienceRV\ScienceRV_Practice\paddle_static2023.qtm	
1	12:02:03	File saved as C:\Users\Erin\Documents\ScienceRV\ScienceRV_Practice\paddle_static2023.qtm	
1	12:05:19	File closed	
1	12:05:20	Realtime started	
1	12:51:53	Disconnected	
1	13:51:47	File loaded from C:\Users\Erin\Documents\ScienceRV\ScienceRV_Practice\paddle_static2023.qtm	
1	13:55:49	Rigid body: Paddle2023 added.	The new body definition was added both to the file and to the Project Options.
1	13:58:23	File saved as C:\Users\Erin\Documents\ScienceRV\ScienceRV_Practice\paddle_static2023.qtm	
1	13:58:23	File closed	
1	13:58:26	File loaded from C:\Users\Erin\Documents\ScienceRV\ScienceRV_Practice\Dynamic Trials\paddle_another_one.qtm	
1	14:10:13	File closed	
1	14:10:15	File loaded from C:\Users\Erin\Documents\ScienceRV\ScienceRV_Practice\paddle_static2023.qtm	
1	14:10:52	File saved as C:\Users\Erin\Documents\ScienceRV\ScienceRV_Practice\paddle_test_RGB.qtm	
1	14:12:14	File closed	
1	14:12:16	File loaded from C:\Users\Erin\Documents\ScienceRV\ScienceRV_Practice\Dynamic Trials\newPaddle.qtm	
1	15:14:57	File closed	
